# JRE version: OpenJDK Runtime Environment (21.0.10) (build 21.0.10+-14961533-b1163.108)
# Java VM: OpenJDK 64-Bit Server VM (21.0.10+-14961533-b1163.108, mixed mode, tiered, compressed oops, compressed class ptrs, g1 gc, windows-amd64)
GC Precious Log:
 CardTable entry size: 512
 Card Set container configuration: InlinePtr #cards 5 size 8 Array Of Cards #cards 12 size 40 Howl #buckets 4 coarsen threshold 1843 Howl Bitmap #cards 512 size 80 coarsen threshold 460 Card regions per heap region 1 cards per card region 2048
 CPUs: 8 total, 8 available
 Memory: 7926M
 Large Page Support: Disabled
 NUMA Support: Disabled
 Compressed Oops: Enabled (32-bit)
 Heap Region Size: 1M
 Heap Min Capacity: 8M
 Heap Initial Capacity: 124M
 Heap Max Capacity: 2G
 Pre-touch: Disabled
 Parallel Workers: 8
 Concurrent Workers: 2
 Concurrent Refinement Workers: 8
 Periodic GC: Disabled
Heap:
 garbage-first heap   total 374784K, used 363246K [0x0000000080000000, 0x0000000100000000)
  region size 1024K, 155 young (158720K), 5 survivors (5120K)
 Metaspace       used 162801K, committed 166464K, reserved 1245184K
  class space    used 21764K, committed 23552K, reserved 1048576K
GC Heap History (20 events):
Event: 26.919 GC heap after
{Heap after GC invocations=59 (full 0):
 garbage-first heap   total 303104K, used 168006K [0x0000000080000000, 0x0000000100000000)
  region size 1024K, 8 young (8192K), 8 survivors (8192K)
 Metaspace       used 152475K, committed 154816K, reserved 1245184K
  class space    used 21392K, committed 22528K, reserved 1048576K
}
Event: 66.547 GC heap before
{Heap before GC invocations=60 (full 0):
 garbage-first heap   total 303104K, used 301126K [0x0000000080000000, 0x0000000100000000)
  region size 1024K, 96 young (98304K), 8 survivors (8192K)
 Metaspace       used 161448K, committed 163776K, reserved 1245184K
  class space    used 22363K, committed 23488K, reserved 1048576K
}
Event: 66.556 GC heap after
{Heap after GC invocations=61 (full 0):
 garbage-first heap   total 307200K, used 162782K [0x0000000080000000, 0x0000000100000000)
  region size 1024K, 3 young (3072K), 3 survivors (3072K)
 Metaspace       used 161448K, committed 163776K, reserved 1245184K
  class space    used 22363K, committed 23488K, reserved 1048576K
}
Event: 276.685 GC heap before
{Heap before GC invocations=61 (full 0):
 garbage-first heap   total 307200K, used 282590K [0x0000000080000000, 0x0000000100000000)
  region size 1024K, 120 young (122880K), 3 survivors (3072K)
 Metaspace       used 162161K, committed 164480K, reserved 1245184K
  class space    used 22371K, committed 23488K, reserved 1048576K
}
Event: 276.716 GC heap after
{Heap after GC invocations=62 (full 0):
 garbage-first heap   total 307200K, used 157539K [0x0000000080000000, 0x0000000100000000)
  region size 1024K, 13 young (13312K), 13 survivors (13312K)
 Metaspace       used 162161K, committed 164480K, reserved 1245184K
  class space    used 22371K, committed 23488K, reserved 1048576K
}
Event: 481.532 GC heap before
{Heap before GC invocations=62 (full 0):
 garbage-first heap   total 307200K, used 277347K [0x0000000080000000, 0x0000000100000000)
  region size 1024K, 131 young (134144K), 13 survivors (13312K)
 Metaspace       used 162511K, committed 164800K, reserved 1245184K
  class space    used 22380K, committed 23488K, reserved 1048576K
}
Event: 481.569 GC heap after
{Heap after GC invocations=63 (full 0):
 garbage-first heap   total 307200K, used 157975K [0x0000000080000000, 0x0000000100000000)
  region size 1024K, 10 young (10240K), 10 survivors (10240K)
 Metaspace       used 162511K, committed 164800K, reserved 1245184K
  class space    used 22380K, committed 23488K, reserved 1048576K
}
Event: 482.120 GC heap before
{Heap before GC invocations=63 (full 0):
 garbage-first heap   total 307200K, used 183575K [0x0000000080000000, 0x0000000100000000)
  region size 1024K, 37 young (37888K), 10 survivors (10240K)
 Metaspace       used 162550K, committed 164864K, reserved 1245184K
  class space    used 22380K, committed 23488K, reserved 1048576K
}
Event: 482.146 GC heap after
{Heap after GC invocations=64 (full 0):
 garbage-first heap   total 307200K, used 161799K [0x0000000080000000, 0x0000000100000000)
  region size 1024K, 5 young (5120K), 5 survivors (5120K)
 Metaspace       used 162550K, committed 164864K, reserved 1245184K
  class space    used 22380K, committed 23488K, reserved 1048576K
}
Event: 484.391 GC heap before
{Heap before GC invocations=65 (full 0):
 garbage-first heap   total 317440K, used 315399K [0x0000000080000000, 0x0000000100000000)
  region size 1024K, 107 young (109568K), 5 survivors (5120K)
 Metaspace       used 163440K, committed 165760K, reserved 1245184K
  class space    used 22427K, committed 23552K, reserved 1048576K
}
Event: 484.398 GC heap after
{Heap after GC invocations=66 (full 0):
 garbage-first heap   total 323584K, used 164543K [0x0000000080000000, 0x0000000100000000)
  region size 1024K, 6 young (6144K), 6 survivors (6144K)
 Metaspace       used 163440K, committed 165760K, reserved 1245184K
  class space    used 22427K, committed 23552K, reserved 1048576K
}
Event: 2251.409 GC heap before
{Heap before GC invocations=66 (full 0):
 garbage-first heap   total 323584K, used 298687K [0x0000000080000000, 0x0000000100000000)
  region size 1024K, 138 young (141312K), 6 survivors (6144K)
 Metaspace       used 163830K, committed 166144K, reserved 1245184K
  class space    used 22432K, committed 23552K, reserved 1048576K
}
Event: 2251.735 GC heap after
{Heap after GC invocations=67 (full 0):
 garbage-first heap   total 323584K, used 151503K [0x0000000080000000, 0x0000000100000000)
  region size 1024K, 10 young (10240K), 10 survivors (10240K)
 Metaspace       used 163830K, committed 166144K, reserved 1245184K
  class space    used 22432K, committed 23552K, reserved 1048576K
}
Event: 2252.464 GC heap before
{Heap before GC invocations=67 (full 0):
 garbage-first heap   total 323584K, used 173007K [0x0000000080000000, 0x0000000100000000)
  region size 1024K, 33 young (33792K), 10 survivors (10240K)
 Metaspace       used 163866K, committed 166144K, reserved 1245184K
  class space    used 22433K, committed 23552K, reserved 1048576K
}
Event: 2252.509 GC heap after
{Heap after GC invocations=68 (full 0):
 garbage-first heap   total 323584K, used 154540K [0x0000000080000000, 0x0000000100000000)
  region size 1024K, 13 young (13312K), 13 survivors (13312K)
 Metaspace       used 163866K, committed 166144K, reserved 1245184K
  class space    used 22433K, committed 23552K, reserved 1048576K
}
Event: 2257.983 GC heap before
{Heap before GC invocations=69 (full 0):
 garbage-first heap   total 323584K, used 321452K [0x0000000080000000, 0x0000000100000000)
  region size 1024K, 149 young (152576K), 13 survivors (13312K)
 Metaspace       used 161357K, committed 166272K, reserved 1245184K
  class space    used 21737K, committed 23552K, reserved 1048576K
}
Event: 2258.005 GC heap after
{Heap after GC invocations=70 (full 0):
 garbage-first heap   total 342016K, used 159778K [0x0000000080000000, 0x0000000100000000)
  region size 1024K, 16 young (16384K), 16 survivors (16384K)
 Metaspace       used 161357K, committed 166272K, reserved 1245184K
  class space    used 21737K, committed 23552K, reserved 1048576K
}
Event: 2259.099 GC heap before
{Heap before GC invocations=70 (full 0):
 garbage-first heap   total 342016K, used 325666K [0x0000000080000000, 0x0000000100000000)
  region size 1024K, 171 young (175104K), 16 survivors (16384K)
 Metaspace       used 162434K, committed 166336K, reserved 1245184K
  class space    used 21762K, committed 23552K, reserved 1048576K
}
Event: 2259.132 GC heap after
{Heap after GC invocations=71 (full 0):
 garbage-first heap   total 363520K, used 163566K [0x0000000080000000, 0x0000000100000000)
  region size 1024K, 19 young (19456K), 19 survivors (19456K)
 Metaspace       used 162434K, committed 166336K, reserved 1245184K
  class space    used 21762K, committed 23552K, reserved 1048576K
}
Event: 3920.014 GC heap before
{Heap before GC invocations=71 (full 0):
 garbage-first heap   total 363520K, used 362222K [0x0000000080000000, 0x0000000100000000)
  region size 1024K, 169 young (173056K), 19 survivors (19456K)
 Metaspace       used 162801K, committed 166464K, reserved 1245184K
  class space    used 21764K, committed 23552K, reserved 1048576K
}

